This is pdfTeX, Version 3.1415926-2.5-1.40.14 (TeX Live 2013/Debian) (format=pdflatex 2017.8.23)  26 OCT 2017 17:35
entering extended mode
 restricted \write18 enabled.
 %&-line parsing enabled.
**main.tex
(./main.tex
LaTeX2e <2011/06/27>
Babel <3.9h> and hyphenation patterns for 78 languages loaded.
(/usr/share/texlive/texmf-dist/tex/latex/base/article.cls
Document Class: article 2007/10/19 v1.4h Standard LaTeX document class
(/usr/share/texlive/texmf-dist/tex/latex/base/size12.clo
File: size12.clo 2007/10/19 v1.4h Standard LaTeX file (size option)
)
\c@part=\count79
\c@section=\count80
\c@subsection=\count81
\c@subsubsection=\count82
\c@paragraph=\count83
\c@subparagraph=\count84
\c@figure=\count85
\c@table=\count86
\abovecaptionskip=\skip41
\belowcaptionskip=\skip42
\bibindent=\dimen102
)
(/usr/share/texlive/texmf-dist/tex/latex/preprint/fullpage.sty
Package: fullpage 1999/02/23 1.1 (PWD)
\FP@margin=\skip43
)
(/usr/share/texlive/texmf-dist/tex/latex/geometry/geometry.sty
Package: geometry 2010/09/12 v5.6 Page Geometry

(/usr/share/texlive/texmf-dist/tex/latex/graphics/keyval.sty
Package: keyval 1999/03/16 v1.13 key=value parser (DPC)
\KV@toks@=\toks14
)
(/usr/share/texlive/texmf-dist/tex/generic/oberdiek/ifpdf.sty
Package: ifpdf 2011/01/30 v2.3 Provides the ifpdf switch (HO)
Package ifpdf Info: pdfTeX in PDF mode is detected.
)
(/usr/share/texlive/texmf-dist/tex/generic/oberdiek/ifvtex.sty
Package: ifvtex 2010/03/01 v1.5 Detect VTeX and its facilities (HO)
Package ifvtex Info: VTeX not detected.
)
(/usr/share/texlive/texmf-dist/tex/generic/ifxetex/ifxetex.sty
Package: ifxetex 2010/09/12 v0.6 Provides ifxetex conditional
)
\Gm@cnth=\count87
\Gm@cntv=\count88
\c@Gm@tempcnt=\count89
\Gm@bindingoffset=\dimen103
\Gm@wd@mp=\dimen104
\Gm@odd@mp=\dimen105
\Gm@even@mp=\dimen106
\Gm@layoutwidth=\dimen107
\Gm@layoutheight=\dimen108
\Gm@layouthoffset=\dimen109
\Gm@layoutvoffset=\dimen110
\Gm@dimlist=\toks15
)
(/usr/share/texlive/texmf-dist/tex/latex/amsmath/amsmath.sty
Package: amsmath 2013/01/14 v2.14 AMS math features
\@mathmargin=\skip44

For additional information on amsmath, use the `?' option.
(/usr/share/texlive/texmf-dist/tex/latex/amsmath/amstext.sty
Package: amstext 2000/06/29 v2.01

(/usr/share/texlive/texmf-dist/tex/latex/amsmath/amsgen.sty
File: amsgen.sty 1999/11/30 v2.0
\@emptytoks=\toks16
\ex@=\dimen111
))
(/usr/share/texlive/texmf-dist/tex/latex/amsmath/amsbsy.sty
Package: amsbsy 1999/11/29 v1.2d
\pmbraise@=\dimen112
)
(/usr/share/texlive/texmf-dist/tex/latex/amsmath/amsopn.sty
Package: amsopn 1999/12/14 v2.01 operator names
)
\inf@bad=\count90
LaTeX Info: Redefining \frac on input line 210.
\uproot@=\count91
\leftroot@=\count92
LaTeX Info: Redefining \overline on input line 306.
\classnum@=\count93
\DOTSCASE@=\count94
LaTeX Info: Redefining \ldots on input line 378.
LaTeX Info: Redefining \dots on input line 381.
LaTeX Info: Redefining \cdots on input line 466.
\Mathstrutbox@=\box26
\strutbox@=\box27
\big@size=\dimen113
LaTeX Font Info:    Redeclaring font encoding OML on input line 566.
LaTeX Font Info:    Redeclaring font encoding OMS on input line 567.
\macc@depth=\count95
\c@MaxMatrixCols=\count96
\dotsspace@=\muskip10
\c@parentequation=\count97
\dspbrk@lvl=\count98
\tag@help=\toks17
\row@=\count99
\column@=\count100
\maxfields@=\count101
\andhelp@=\toks18
\eqnshift@=\dimen114
\alignsep@=\dimen115
\tagshift@=\dimen116
\tagwidth@=\dimen117
\totwidth@=\dimen118
\lineht@=\dimen119
\@envbody=\toks19
\multlinegap=\skip45
\multlinetaggap=\skip46
\mathdisplay@stack=\toks20
LaTeX Info: Redefining \[ on input line 2665.
LaTeX Info: Redefining \] on input line 2666.
)
(/usr/share/texlive/texmf-dist/tex/latex/subfig/subfig.sty
Package: subfig 2005/06/28 ver: 1.3 subfig package

(/usr/share/texlive/texmf-dist/tex/latex/caption/caption.sty
Package: caption 2013/05/02 v3.3-89 Customizing captions (AR)

(/usr/share/texlive/texmf-dist/tex/latex/caption/caption3.sty
Package: caption3 2013/05/02 v1.6-88 caption3 kernel (AR)
Package caption3 Info: TeX engine: e-TeX on input line 57.
\captionmargin=\dimen120
\captionmargin@=\dimen121
\captionwidth=\dimen122
\caption@tempdima=\dimen123
\caption@indent=\dimen124
\caption@parindent=\dimen125
\caption@hangindent=\dimen126
)
\c@ContinuedFloat=\count102
)
\c@KVtest=\count103
\sf@farskip=\skip47
\sf@captopadj=\dimen127
\sf@capskip=\skip48
\sf@nearskip=\skip49
\c@subfigure=\count104
\c@subfigure@save=\count105
\c@lofdepth=\count106
\c@subtable=\count107
\c@subtable@save=\count108
\c@lotdepth=\count109
\sf@top=\skip50
\sf@bottom=\skip51
)
(/usr/share/texlive/texmf-dist/tex/latex/graphics/graphicx.sty
Package: graphicx 1999/02/16 v1.0f Enhanced LaTeX Graphics (DPC,SPQR)

(/usr/share/texlive/texmf-dist/tex/latex/graphics/graphics.sty
Package: graphics 2009/02/05 v1.0o Standard LaTeX Graphics (DPC,SPQR)

(/usr/share/texlive/texmf-dist/tex/latex/graphics/trig.sty
Package: trig 1999/03/16 v1.09 sin cos tan (DPC)
)
(/usr/share/texlive/texmf-dist/tex/latex/latexconfig/graphics.cfg
File: graphics.cfg 2010/04/23 v1.9 graphics configuration of TeX Live
)
Package graphics Info: Driver file: pdftex.def on input line 91.

(/usr/share/texlive/texmf-dist/tex/latex/pdftex-def/pdftex.def
File: pdftex.def 2011/05/27 v0.06d Graphics/color for pdfTeX

(/usr/share/texlive/texmf-dist/tex/generic/oberdiek/infwarerr.sty
Package: infwarerr 2010/04/08 v1.3 Providing info/warning/error messages (HO)
)
(/usr/share/texlive/texmf-dist/tex/generic/oberdiek/ltxcmds.sty
Package: ltxcmds 2011/11/09 v1.22 LaTeX kernel commands for general use (HO)
)
\Gread@gobject=\count110
))
\Gin@req@height=\dimen128
\Gin@req@width=\dimen129
) (./main.aux

LaTeX Warning: Label `model1loss2' multiply defined.


LaTeX Warning: Label `sub@model1loss2' multiply defined.


LaTeX Warning: Label `model2loss2' multiply defined.


LaTeX Warning: Label `sub@model2loss2' multiply defined.


LaTeX Warning: Label `model1loss2' multiply defined.


LaTeX Warning: Label `sub@model1loss2' multiply defined.


LaTeX Warning: Label `model2loss2' multiply defined.


LaTeX Warning: Label `sub@model2loss2' multiply defined.


LaTeX Warning: Label `model1loss2' multiply defined.


LaTeX Warning: Label `sub@model1loss2' multiply defined.


LaTeX Warning: Label `model2loss2' multiply defined.


LaTeX Warning: Label `sub@model2loss2' multiply defined.


LaTeX Warning: Label `model1loss2' multiply defined.


LaTeX Warning: Label `sub@model1loss2' multiply defined.


LaTeX Warning: Label `model2loss2' multiply defined.


LaTeX Warning: Label `sub@model2loss2' multiply defined.

)
\openout1 = `main.aux'.

LaTeX Font Info:    Checking defaults for OML/cmm/m/it on input line 8.
LaTeX Font Info:    ... okay on input line 8.
LaTeX Font Info:    Checking defaults for T1/cmr/m/n on input line 8.
LaTeX Font Info:    ... okay on input line 8.
LaTeX Font Info:    Checking defaults for OT1/cmr/m/n on input line 8.
LaTeX Font Info:    ... okay on input line 8.
LaTeX Font Info:    Checking defaults for OMS/cmsy/m/n on input line 8.
LaTeX Font Info:    ... okay on input line 8.
LaTeX Font Info:    Checking defaults for OMX/cmex/m/n on input line 8.
LaTeX Font Info:    ... okay on input line 8.
LaTeX Font Info:    Checking defaults for U/cmr/m/n on input line 8.
LaTeX Font Info:    ... okay on input line 8.

*geometry* driver: auto-detecting
*geometry* detected driver: pdftex
*geometry* verbose mode - [ preamble ] result:
* driver: pdftex
* paper: a4paper
* layout: <same size as paper>
* layoutoffset:(h,v)=(0.0pt,0.0pt)
* modes: 
* h-part:(L,W,R)=(56.9055pt, 483.69687pt, 56.9055pt)
* v-part:(T,H,B)=(56.9055pt, 731.23584pt, 56.9055pt)
* \paperwidth=597.50787pt
* \paperheight=845.04684pt
* \textwidth=483.69687pt
* \textheight=731.23584pt
* \oddsidemargin=-15.36449pt
* \evensidemargin=-15.36449pt
* \topmargin=-15.36449pt
* \headheight=0.0pt
* \headsep=0.0pt
* \topskip=12.0pt
* \footskip=30.0pt
* \marginparwidth=35.0pt
* \marginparsep=10.0pt
* \columnsep=10.0pt
* \skip\footins=10.8pt plus 4.0pt minus 2.0pt
* \hoffset=0.0pt
* \voffset=0.0pt
* \mag=1000
* \@twocolumnfalse
* \@twosidefalse
* \@mparswitchfalse
* \@reversemarginfalse
* (1in=72.27pt=25.4mm, 1cm=28.453pt)

Package caption Info: Begin \AtBeginDocument code.
Package caption Info: subfig package v1.3 is loaded.
Package caption Info: End \AtBeginDocument code.
(/usr/share/texlive/texmf-dist/tex/context/base/supp-pdf.mkii
[Loading MPS to PDF converter (version 2006.09.02).]
\scratchcounter=\count111
\scratchdimen=\dimen130
\scratchbox=\box28
\nofMPsegments=\count112
\nofMParguments=\count113
\everyMPshowfont=\toks21
\MPscratchCnt=\count114
\MPscratchDim=\dimen131
\MPnumerator=\count115
\makeMPintoPDFobject=\count116
\everyMPtoPDFconversion=\toks22
) (/usr/share/texlive/texmf-dist/tex/generic/oberdiek/pdftexcmds.sty
Package: pdftexcmds 2011/11/29 v0.20 Utility functions of pdfTeX for LuaTeX (HO
)

(/usr/share/texlive/texmf-dist/tex/generic/oberdiek/ifluatex.sty
Package: ifluatex 2010/03/01 v1.3 Provides the ifluatex switch (HO)
Package ifluatex Info: LuaTeX not detected.
)
Package pdftexcmds Info: LuaTeX not detected.
Package pdftexcmds Info: \pdf@primitive is available.
Package pdftexcmds Info: \pdf@ifprimitive is available.
Package pdftexcmds Info: \pdfdraftmode found.
)
(/usr/share/texlive/texmf-dist/tex/latex/oberdiek/epstopdf-base.sty
Package: epstopdf-base 2010/02/09 v2.5 Base part for package epstopdf

(/usr/share/texlive/texmf-dist/tex/latex/oberdiek/grfext.sty
Package: grfext 2010/08/19 v1.1 Manage graphics extensions (HO)

(/usr/share/texlive/texmf-dist/tex/generic/oberdiek/kvdefinekeys.sty
Package: kvdefinekeys 2011/04/07 v1.3 Define keys (HO)
))
(/usr/share/texlive/texmf-dist/tex/latex/oberdiek/kvoptions.sty
Package: kvoptions 2011/06/30 v3.11 Key value format for package options (HO)

(/usr/share/texlive/texmf-dist/tex/generic/oberdiek/kvsetkeys.sty
Package: kvsetkeys 2012/04/25 v1.16 Key value parser (HO)

(/usr/share/texlive/texmf-dist/tex/generic/oberdiek/etexcmds.sty
Package: etexcmds 2011/02/16 v1.5 Avoid name clashes with e-TeX commands (HO)
Package etexcmds Info: Could not find \expanded.
(etexcmds)             That can mean that you are not using pdfTeX 1.50 or
(etexcmds)             that some package has redefined \expanded.
(etexcmds)             In the latter case, load this package earlier.
)))
Package grfext Info: Graphics extension search list:
(grfext)             [.png,.pdf,.jpg,.mps,.jpeg,.jbig2,.jb2,.PNG,.PDF,.JPG,.JPE
G,.JBIG2,.JB2,.eps]
(grfext)             \AppendGraphicsExtensions on input line 452.

(/usr/share/texlive/texmf-dist/tex/latex/latexconfig/epstopdf-sys.cfg
File: epstopdf-sys.cfg 2010/07/13 v1.3 Configuration of (r)epstopdf for TeX Liv
e
))
<images/model3_dropout.png, id=1, 1073.00874pt x 146.5475pt>
File: images/model3_dropout.png Graphic file (type png)

<use images/model3_dropout.png>
Package pdftex.def Info: images/model3_dropout.png used on input line 22.
(pdftex.def)             Requested size: 482.84947pt x 65.94576pt.
 [1

{/var/lib/texmf/fonts/map/pdftex/updmap/pdftex.map} <./images/model3_dropout.pn
g>] [2]
LaTeX Font Info:    Try loading font information for OMS+cmr on input line 69.

(/usr/share/texlive/texmf-dist/tex/latex/base/omscmr.fd
File: omscmr.fd 1999/05/25 v2.5h Standard LaTeX font definitions
)
LaTeX Font Info:    Font shape `OMS/cmr/m/n' in size <12> not available
(Font)              Font shape `OMS/cmsy/m/n' tried instead on input line 69.
 [3]
Underfull \hbox (badness 10000) in paragraph at lines 83--83
[]\OT1/cmr/m/n/12 Total
 []


Underfull \hbox (badness 10000) in paragraph at lines 83--83
[]\OT1/cmr/m/n/12 Training
 []


Underfull \hbox (badness 10000) in paragraph at lines 83--83
[]\OT1/cmr/m/n/12 Validation
 []

<./images/cnnmodel3_5000_mg_1000_output_v10.png, id=25, 578.16pt x 433.62pt>
File: ./images/cnnmodel3_5000_mg_1000_output_v10.png Graphic file (type png)

<use ./images/cnnmodel3_5000_mg_1000_output_v10.png>
Package pdftex.def Info: ./images/cnnmodel3_5000_mg_1000_output_v10.png used on
 input line 111.
(pdftex.def)             Requested size: 241.84843pt x 181.38472pt.

<./images/cnnmodel3_5000_mg_1000_output_v18_loss.png, id=27, 578.16pt x 433.62p
t>
File: ./images/cnnmodel3_5000_mg_1000_output_v18_loss.png Graphic file (type pn
g)
 <use ./images/cnnmodel3_5000_mg_1000_output_v18_loss.png>
Package pdftex.def Info: ./images/cnnmodel3_5000_mg_1000_output_v18_loss.png us
ed on input line 112.
(pdftex.def)             Requested size: 241.84843pt x 181.38472pt.

Overfull \hbox (7.83325pt too wide) in paragraph at lines 111--113
 [][]   [] 
 []

<images/mg.jpg, id=28, 887.315pt x 421.575pt>
File: images/mg.jpg Graphic file (type jpg)
 <use images/mg.jpg>
Package pdftex.def Info: images/mg.jpg used on input line 131.
(pdftex.def)             Requested size: 488.02477pt x 231.86696pt.

Overfull \hbox (4.3279pt too wide) in paragraph at lines 131--132
 [][] 
 []

<images/mgSIFT.jpg, id=29, 748.7975pt x 466.74374pt>
File: images/mgSIFT.jpg Graphic file (type jpg)
 <use images/mgSIFT.jpg>
Package pdftex.def Info: images/mgSIFT.jpg used on input line 138.
(pdftex.def)             Requested size: 396.86078pt x 247.373pt.

Underfull \hbox (badness 10000) in paragraph at lines 107--142

 []

[4 <./images/cnnmodel3_5000_mg_1000_output_v10.png> <./images/cnnmodel3_5000_mg
_1000_output_v18_loss.png>]
Underfull \hbox (badness 10000) in paragraph at lines 147--147
[]\OT1/cmr/m/n/12 Total
 []


Underfull \hbox (badness 10000) in paragraph at lines 147--147
[]\OT1/cmr/m/n/12 Training
 []


Underfull \hbox (badness 10000) in paragraph at lines 147--147
[]\OT1/cmr/m/n/12 Validation
 []


<./images/cnnmodel3_5000_md_1000_output_v10_loss.png, id=35, 578.16pt x 433.62p
t>
File: ./images/cnnmodel3_5000_md_1000_output_v10_loss.png Graphic file (type pn
g)
 <use ./images/cnnmodel3_5000_md_1000_output_v10_loss.png>
Package pdftex.def Info: ./images/cnnmodel3_5000_md_1000_output_v10_loss.png us
ed on input line 165.
(pdftex.def)             Requested size: 241.84843pt x 181.38472pt.

<./images/cnnmodel3_5000_md_1000_output_v18_loss.png, id=36, 578.16pt x 433.62p
t>
File: ./images/cnnmodel3_5000_md_1000_output_v18_loss.png Graphic file (type pn
g)
 <use ./images/cnnmodel3_5000_md_1000_output_v18_loss.png>
Package pdftex.def Info: ./images/cnnmodel3_5000_md_1000_output_v18_loss.png us
ed on input line 166.
(pdftex.def)             Requested size: 241.84843pt x 181.38472pt.

Overfull \hbox (7.83325pt too wide) in paragraph at lines 165--167
 [][]   [] 
 []

<images/md.jpg, id=37, 787.94376pt x 396.48125pt>
File: images/md.jpg Graphic file (type jpg)
 <use images/md.jpg>
Package pdftex.def Info: images/md.jpg used on input line 185.
(pdftex.def)             Requested size: 512.15738pt x 257.70975pt.

Overfull \hbox (28.46051pt too wide) in paragraph at lines 185--186
 [][] 
 []

<images/mdSIFT.jpg, id=38, 852.18375pt x 431.6125pt>
File: images/mdSIFT.jpg Graphic file (type jpg)
 <use images/mdSIFT.jpg>
Package pdftex.def Info: images/mdSIFT.jpg used on input line 192.
(pdftex.def)             Requested size: 468.7025pt x 237.3876pt.

Underfull \hbox (badness 10000) in paragraph at lines 143--196

 []

[5 <./images/mg.jpg> <./images/mgSIFT.jpg>]

LaTeX Warning: `!h' float specifier changed to `!ht'.

[6 <./images/cnnmodel3_5000_md_1000_output_v10_loss.png> <./images/cnnmodel3_50
00_md_1000_output_v18_loss.png>]
Underfull \hbox (badness 10000) in paragraph at lines 201--201
[]\OT1/cmr/m/n/12 Total
 []


Underfull \hbox (badness 10000) in paragraph at lines 201--201
[]\OT1/cmr/m/n/12 Training
 []


Underfull \hbox (badness 10000) in paragraph at lines 201--201
[]\OT1/cmr/m/n/12 Validation
 []


<./images/cnnmodel3_5000_pronotum_1000_output_v10_loss.png, id=47, 578.16pt x 4
33.62pt>
File: ./images/cnnmodel3_5000_pronotum_1000_output_v10_loss.png Graphic file (t
ype png)
 <use ./images/cnnmodel3_5000_pronotum_1000_output_v10_loss.png>
Package pdftex.def Info: ./images/cnnmodel3_5000_pronotum_1000_output_v10_loss.
png used on input line 218.
(pdftex.def)             Requested size: 241.84843pt x 181.38472pt.

<./images/cnnmodel3_5000_pronotum_1000_output_v18_loss.png, id=48, 578.16pt x 4
33.62pt>
File: ./images/cnnmodel3_5000_pronotum_1000_output_v18_loss.png Graphic file (t
ype png)
 <use ./images/cnnmodel3_5000_pronotum_1000_output_v18_loss.png>
Package pdftex.def Info: ./images/cnnmodel3_5000_pronotum_1000_output_v18_loss.
png used on input line 219.
(pdftex.def)             Requested size: 241.84843pt x 181.38472pt.

Overfull \hbox (7.83325pt too wide) in paragraph at lines 218--220
 [][]   [] 
 []

<images/pronotum.jpg, id=49, 607.26875pt x 341.275pt>
File: images/pronotum.jpg Graphic file (type jpg)

<use images/pronotum.jpg>
Package pdftex.def Info: images/pronotum.jpg used on input line 238.
(pdftex.def)             Requested size: 303.63364pt x 170.63707pt.

Underfull \hbox (badness 10000) in paragraph at lines 197--242

 []


LaTeX Warning: `!h' float specifier changed to `!ht'.

[7 <./images/md.jpg> <./images/mdSIFT.jpg>]

LaTeX Warning: `!h' float specifier changed to `!ht'.


Underfull \hbox (badness 10000) in paragraph at lines 247--247
[]\OT1/cmr/m/n/12 Total
 []


Underfull \hbox (badness 10000) in paragraph at lines 247--247
[]\OT1/cmr/m/n/12 Training
 []


Underfull \hbox (badness 10000) in paragraph at lines 247--247
[]\OT1/cmr/m/n/12 Validation
 []


<./images/cnnmodel3_5000_elytre_1000_output_v10_loss.png, id=54, 578.16pt x 433
.62pt>
File: ./images/cnnmodel3_5000_elytre_1000_output_v10_loss.png Graphic file (typ
e png)
 <use ./images/cnnmodel3_5000_elytre_1000_output_v10_loss.png>
Package pdftex.def Info: ./images/cnnmodel3_5000_elytre_1000_output_v10_loss.pn
g used on input line 264.
(pdftex.def)             Requested size: 241.84843pt x 181.38472pt.

<./images/cnnmodel3_5000_elytre_1000_output_v18_loss.png, id=55, 578.16pt x 433
.62pt>
File: ./images/cnnmodel3_5000_elytre_1000_output_v18_loss.png Graphic file (typ
e png)
 <use ./images/cnnmodel3_5000_elytre_1000_output_v18_loss.png>
Package pdftex.def Info: ./images/cnnmodel3_5000_elytre_1000_output_v18_loss.pn
g used on input line 265.
(pdftex.def)             Requested size: 241.84843pt x 181.38472pt.

Overfull \hbox (7.83325pt too wide) in paragraph at lines 264--266
 [][]   [] 
 []

<images/elytre.jpg, id=56, 613.29124pt x 352.31625pt>
File: images/elytre.jpg Graphic file (type jpg)
 <use images/elytre.jpg>
Package pdftex.def Info: images/elytre.jpg used on input line 284.
(pdftex.def)             Requested size: 429.30093pt x 246.61969pt.

Underfull \hbox (badness 10000) in paragraph at lines 243--288

 []

[8 <./images/cnnmodel3_5000_pronotum_1000_output_v10_loss.png> <./images/cnnmod
el3_5000_pronotum_1000_output_v18_loss.png>] [9 <./images/pronotum.jpg> <./imag
es/cnnmodel3_5000_elytre_1000_output_v10_loss.png> <./images/cnnmodel3_5000_ely
tre_1000_output_v18_loss.png>]
Underfull \hbox (badness 10000) in paragraph at lines 293--293
[]\OT1/cmr/m/n/12 Total
 []


Underfull \hbox (badness 10000) in paragraph at lines 293--293
[]\OT1/cmr/m/n/12 Training
 []


Underfull \hbox (badness 10000) in paragraph at lines 293--293
[]\OT1/cmr/m/n/12 Validation
 []


<./images/cnnmodel3_5000_tete_1000_output_v10_loss.png, id=67, 578.16pt x 433.6
2pt>
File: ./images/cnnmodel3_5000_tete_1000_output_v10_loss.png Graphic file (type 
png)
 <use ./images/cnnmodel3_5000_tete_1000_output_v10_loss.png>
Package pdftex.def Info: ./images/cnnmodel3_5000_tete_1000_output_v10_loss.png 
used on input line 310.
(pdftex.def)             Requested size: 241.84843pt x 181.38472pt.

<./images/cnnmodel3_5000_tete_1000_output_v18_loss.png, id=68, 578.16pt x 433.6
2pt>
File: ./images/cnnmodel3_5000_tete_1000_output_v18_loss.png Graphic file (type 
png)
 <use ./images/cnnmodel3_5000_tete_1000_output_v18_loss.png>
Package pdftex.def Info: ./images/cnnmodel3_5000_tete_1000_output_v18_loss.png 
used on input line 311.
(pdftex.def)             Requested size: 241.84843pt x 181.38472pt.

Overfull \hbox (7.83325pt too wide) in paragraph at lines 310--312
 [][]   [] 
 []

<images/tete.jpg, id=69, 565.11125pt x 291.0875pt>
File: images/tete.jpg Graphic file (type jpg)
 <use images/tete.jpg>
Package pdftex.def Info: images/tete.jpg used on input line 330.
(pdftex.def)             Requested size: 367.31795pt x 189.20462pt.

Underfull \hbox (badness 10000) in paragraph at lines 289--334

 []

[10 <./images/elytre.jpg>] (./main.bbl [11 <./images/cnnmodel3_5000_tete_1000_o
utput_v10_loss.png> <./images/cnnmodel3_5000_tete_1000_output_v18_loss.png> <./
images/tete.jpg>]
Missing character: There is no Ã in font cmr12!
Missing character: There is no ¼ in font cmr12!
Missing character: There is no Ã in font cmr12!
Missing character: There is no ¸ in font cmr12!
Missing character: There is no Ã in font cmr12!
Missing character: There is no ¸ in font cmr12!
) [12]
Underfull \hbox (badness 10000) in paragraph at lines 351--351
[]$\OML/cmm/m/it/12 N[]$
 []


Underfull \hbox (badness 10000) in paragraph at lines 351--351
[]$\OML/cmm/m/it/12 N[]$
 []


Underfull \hbox (badness 10000) in paragraph at lines 351--351
[]$\OML/cmm/m/it/12 N[]$
 []


Overfull \hbox (4.10501pt too wide) in paragraph at lines 351--351
\OT1/cmr/m/n/12 POOLs| 
 []


Underfull \hbox (badness 10000) in paragraph at lines 351--351
[]$\OML/cmm/m/it/12 N[]$
 []


Overfull \hbox (4.06303pt too wide) in paragraph at lines 369--369
[]\OT1/cmr/m/n/12 CONV(128,2,1,0)| 
 []


Overfull \hbox (21.8573pt too wide) in paragraph at lines 375--375
[]\OT1/cmr/m/n/12 FC(32/36/16/22/20)| 
 []


Underfull \hbox (badness 10000) in paragraph at lines 389--416

 []


LaTeX Warning: `!h' float specifier changed to `!ht'.

[13] [14] (./main.aux)

LaTeX Warning: There were multiply-defined labels.

 ) 
Here is how much of TeX's memory you used:
 3954 strings out of 493304
 61264 string characters out of 6139871
 135691 words of memory out of 5000000
 7351 multiletter control sequences out of 15000+600000
 12777 words of font info for 46 fonts, out of 8000000 for 9000
 957 hyphenation exceptions out of 8191
 44i,11n,47p,1261b,366s stack positions out of 5000i,500n,10000p,200000b,80000s
</usr/share/texlive/texmf-dist/fonts/type1/public/amsfonts/cm/cmbx10.pfb></us
r/share/texlive/texmf-dist/fonts/type1/public/amsfonts/cm/cmbx12.pfb></usr/shar
e/texlive/texmf-dist/fonts/type1/public/amsfonts/cm/cmmi12.pfb></usr/share/texl
ive/texmf-dist/fonts/type1/public/amsfonts/cm/cmmi8.pfb></usr/share/texlive/tex
mf-dist/fonts/type1/public/amsfonts/cm/cmr10.pfb></usr/share/texlive/texmf-dist
/fonts/type1/public/amsfonts/cm/cmr12.pfb></usr/share/texlive/texmf-dist/fonts/
type1/public/amsfonts/cm/cmr17.pfb></usr/share/texlive/texmf-dist/fonts/type1/p
ublic/amsfonts/cm/cmr7.pfb></usr/share/texlive/texmf-dist/fonts/type1/public/am
sfonts/cm/cmr8.pfb></usr/share/texlive/texmf-dist/fonts/type1/public/amsfonts/c
m/cmsy10.pfb></usr/share/texlive/texmf-dist/fonts/type1/public/amsfonts/cm/cmti
10.pfb></usr/share/texlive/texmf-dist/fonts/type1/public/amsfonts/cm/cmti12.pfb
></usr/share/texlive/texmf-dist/fonts/type1/public/amsfonts/cm/cmtt12.pfb>
Output written on main.pdf (14 pages, 689976 bytes).
PDF statistics:
 131 PDF objects out of 1000 (max. 8388607)
 73 compressed objects within 1 object stream
 0 named destinations out of 1000 (max. 500000)
 91 words of extra memory for PDF output out of 10000 (max. 10000000)

